
> figuras@0.0.0 dev
> vite --host 127.0.0.1


  VITE v4.5.9  ready in 469 ms

  ➜  Local:   http://127.0.0.1:5173/

> figuras@0.0.0 dev
> vite --host 127.0.0.1

Port 5173 is in use, trying another one...

  VITE v4.5.9  ready in 466 ms

  ➜  Local:   http://127.0.0.1:5174/
Killed
09:32:42 [vite] hmr update /src/Pages/Muros/Remate.jsx
09:32:42 [vite] hmr update /src/Pages/Muros/Esquina.jsx
09:32:42 [vite] hmr update /src/Pages/Muros/Remate/ConBorde.jsx
09:32:42 [vite] hmr update /src/Pages/Muros/Remate/SinBorde.jsx
09:32:42 [vite] hmr update /src/Pages/Muros/Esquina/CBorde.jsx
09:32:42 [vite] hmr update /src/Pages/Muros/Esquina/ConPatin.jsx
09:32:42 [vite] hmr update /src/Pages/Muros/Esquina/RefuerzoLateral.jsx
09:32:42 [vite] hmr update /src/Pages/Muros/Esquina/SBorde.jsx
09:32:42 [vite] hmr update /src/Pages/Muros/Esquina/simple.jsx
09:32:42 [vite] hmr update /src/Pages/Muros/Remate/CBorde/7ramas.jsx
09:32:42 [vite] hmr update /src/Pages/Muros/Remate/CBorde/9ramas.jsx
09:32:42 [vite] hmr update /src/Pages/Muros/Remate/CBorde/8ramas.jsx
09:32:42 [vite] hmr update /src/Pages/Muros/Remate/SNBorde/RefuerzoDoble.jsx
09:32:42 [vite] hmr update /src/Pages/Muros/Remate/SNBorde/RefuerzoU.jsx
09:32:42 [vite] hmr update /src/Pages/Muros/Remate/SNBorde/RefuerzoSimple.jsx
09:32:42 [vite] hmr update /src/Pages/Muros/Esquina/RefuerzoLateral/5ramas.jsx
09:32:42 [vite] hmr update /src/Pages/Muros/Esquina/RefuerzoLateral/4ramas.jsx
09:32:42 [vite] hmr update /src/Pages/Muros/Remate/CBorde/7ramas/M07.jsx
09:32:42 [vite] hmr update /src/Pages/Muros/Remate/CBorde/7ramas/M06.jsx
09:32:45 [vite] hmr update /src/Pages/Muros/Esquina/CBorde.jsx
09:32:45 [vite] hmr update /src/Pages/Muros/Esquina/CBorde.jsx
09:32:45 [vite] hmr update /src/Pages/Muros/Esquina/ConPatin.jsx
09:32:45 [vite] hmr update /src/Pages/Muros/Esquina/ConPatin.jsx
09:32:45 [vite] hmr update /src/Pages/Muros/Esquina/RefuerzoLateral/4ramas.jsx
09:32:45 [vite] hmr update /src/Pages/Muros/Esquina/RefuerzoLateral/4ramas.jsx
09:32:45 [vite] hmr update /src/Pages/Muros/Esquina/RefuerzoLateral/5ramas.jsx
09:32:45 [vite] hmr update /src/Pages/Muros/Esquina/RefuerzoLateral/5ramas.jsx
09:32:45 [vite] hmr update /src/Pages/Muros/Esquina/RefuerzoLateral.jsx
09:32:45 [vite] hmr update /src/Pages/Muros/Esquina/RefuerzoLateral.jsx
09:32:45 [vite] hmr update /src/Pages/Muros/Esquina/SBorde.jsx
09:32:45 [vite] hmr update /src/Pages/Muros/Esquina/SBorde.jsx
09:32:45 [vite] hmr update /src/Pages/Muros/Esquina/simple.jsx
09:32:45 [vite] hmr update /src/Pages/Muros/Esquina/simple.jsx
09:32:45 [vite] hmr update /src/Pages/Muros/Esquina.jsx
09:32:45 [vite] hmr update /src/Pages/Muros/Esquina.jsx
09:32:45 [vite] hmr update /src/Pages/Muros/Remate/CBorde/7ramas/M06.jsx
09:32:45 [vite] hmr update /src/Pages/Muros/Remate/CBorde/7ramas/M06.jsx
09:32:45 [vite] hmr update /src/Pages/Muros/Remate/CBorde/7ramas/M07.jsx
09:32:45 [vite] hmr update /src/Pages/Muros/Remate/CBorde/7ramas/M07.jsx
09:32:45 [vite] hmr update /src/Pages/Muros/Remate/CBorde/7ramas.jsx
09:32:45 [vite] hmr update /src/Pages/Muros/Remate/CBorde/7ramas.jsx
09:32:45 [vite] hmr update /src/Pages/Muros/Remate/CBorde/8ramas.jsx
09:32:45 [vite] hmr update /src/Pages/Muros/Remate/CBorde/8ramas.jsx
09:32:45 [vite] hmr update /src/Pages/Muros/Remate/CBorde/9ramas.jsx
09:32:45 [vite] hmr update /src/Pages/Muros/Remate/CBorde/9ramas.jsx
09:32:45 [vite] hmr update /src/Pages/Muros/Remate/ConBorde.jsx
09:32:45 [vite] hmr update /src/Pages/Muros/Remate/ConBorde.jsx
09:32:46 [vite] hmr update /src/Pages/Muros/Remate/SinBorde.jsx
09:32:46 [vite] hmr update /src/Pages/Muros/Remate/SinBorde.jsx
09:32:46 [vite] hmr update /src/Pages/Muros/Remate/SNBorde/RefuerzoDoble.jsx
09:32:46 [vite] hmr update /src/Pages/Muros/Remate/SNBorde/RefuerzoDoble.jsx
09:32:46 [vite] hmr update /src/Pages/Muros/Remate/SNBorde/RefuerzoSimple.jsx
09:32:46 [vite] hmr update /src/Pages/Muros/Remate/SNBorde/RefuerzoSimple.jsx
09:32:46 [vite] hmr update /src/Pages/Muros/Remate/SNBorde/RefuerzoU.jsx
09:32:46 [vite] hmr update /src/Pages/Muros/Remate/SNBorde/RefuerzoU.jsx
09:32:46 [vite] hmr update /src/Pages/Muros/Remate.jsx
09:32:46 [vite] hmr update /src/Pages/Muros/Remate.jsx
09:32:55 [vite] hmr update /src/Figuras3D/Figura10.jsx
09:32:55 [vite] hmr update /src/Figuras3D/Figura11.jsx
09:32:55 [vite] hmr update /src/Figuras3D/Figura1.jsx
09:32:55 [vite] hmr update /src/Figuras3D/Figura13.jsx
09:32:55 [vite] hmr update /src/Figuras3D/Figura12.jsx
09:32:55 [vite] hmr update /src/Figuras3D/Figura14.jsx
09:32:55 [vite] hmr update /src/Figuras3D/Figura16.jsx
09:32:55 [vite] hmr update /src/Figuras3D/Figura15.jsx
09:32:55 [vite] hmr update /src/Figuras3D/Figura19.jsx
09:32:55 [vite] hmr update /src/Figuras3D/Figura18.jsx
09:32:55 [vite] hmr update /src/Figuras3D/Figura17.jsx
09:32:55 [vite] hmr update /src/Figuras3D/Figura21.jsx
09:32:55 [vite] hmr update /src/Figuras3D/Figura20.jsx
09:32:55 [vite] hmr update /src/Figuras3D/Figura2.jsx
09:32:55 [vite] hmr update /src/Figuras3D/Figura22.jsx
09:32:55 [vite] hmr update /src/Figuras3D/Figura23.jsx
09:32:55 [vite] hmr update /src/Figuras3D/Figura24.jsx
09:32:56 [vite] hmr update /src/Figuras3D/Figura25.jsx
09:32:56 [vite] hmr update /src/Figuras3D/Figura27.jsx
09:32:56 [vite] hmr update /src/Figuras3D/Figura26.jsx
09:32:56 [vite] hmr update /src/Figuras3D/Figura28.jsx
09:32:56 [vite] hmr update /src/Figuras3D/Figura3.jsx
09:32:56 [vite] hmr update /src/Figuras3D/Figura29.jsx
09:32:56 [vite] hmr update /src/Figuras3D/Figura30.jsx
09:32:56 [vite] hmr update /src/Figuras3D/Figura31.jsx
09:32:56 [vite] hmr update /src/Figuras3D/Figura32.jsx
09:32:56 [vite] hmr update /src/Figuras3D/Figura34.jsx
09:32:56 [vite] hmr update /src/Figuras3D/Figura35.jsx
09:32:56 [vite] hmr update /src/Figuras3D/Figura33.jsx
09:32:56 [vite] hmr update /src/Figuras3D/Figura38.jsx
09:32:56 [vite] hmr update /src/Figuras3D/Figura37.jsx
09:32:56 [vite] hmr update /src/Figuras3D/Figura36.jsx
09:32:56 [vite] hmr update /src/Figuras3D/Figura39.jsx
09:32:56 [vite] hmr update /src/Figuras3D/Figura41.jsx
09:32:56 [vite] hmr update /src/Figuras3D/Figura40.jsx
09:32:56 [vite] hmr update /src/Figuras3D/Figura42.jsx
09:32:56 [vite] hmr update /src/Figuras3D/Figura4.jsx
09:32:56 [vite] hmr update /src/Figuras3D/Figura43.jsx
09:32:56 [vite] hmr update /src/Figuras3D/Figura45.jsx
09:32:56 [vite] hmr update /src/Figuras3D/Figura44.jsx
09:32:56 [vite] hmr update /src/Figuras3D/Figura46.jsx
09:32:56 [vite] hmr update /src/Figuras3D/Figura6.jsx
09:32:56 [vite] hmr update /src/Figuras3D/Figura47.jsx
09:32:56 [vite] hmr update /src/Figuras3D/Figura7.jsx
09:32:56 [vite] hmr update /src/Figuras3D/Figura5.jsx
09:32:56 [vite] hmr update /src/Figuras3D/Figura8.jsx
09:32:56 [vite] hmr update /src/Pages/Columna/Detallado/14-barras.jsx, /src/Pages/Columna/Detallado/20-barras.jsx, /src/Pages/Columna/Detallado/6barras/4-ramas.jsx, /src/Pages/Columna/Detallado/8barras/4-ramas.jsx, /src/Pages/Columna/Detallado/8barras/6ramas/grapas.jsx, /src/Pages/Columna/Detallado/10barras/2estribo.jsx, /src/Pages/Columna/Detallado/12barras/8-ramas.jsx, /src/Pages/Columna/Detallado/12barras/7ramas/1estribo.jsx, /src/Pages/Columna/Detallado/16barras/6-ramas.jsx, /src/Pages/Columna/Empalme.jsx, /src/Pages/Viga/Conexion.jsx, /src/Pages/Conexiones/Interiores/Exterior.jsx, /src/Pages/Conexiones/Interiores/Perimetral.jsx, /src/Pages/Conexiones/DeTecho/Interior.jsx, /src/Pages/Conexiones/DeTecho/Esquina.jsx, /src/Pages/Conexiones/DeTecho/Simple.jsx, /src/Pages/Muros/Remate/SNBorde/RefuerzoSimple.jsx, /src/Pages/Muros/Remate/CBorde/9ramas.jsx, /src/Pages/Muros/Remate/CBorde/7ramas/M07.jsx, /src/Pages/Muros/Esquina/ConPatin.jsx, /src/Pages/Muros/Esquina/CBorde.jsx, /src/Pages/Muros/Esquina/RefuerzoLateral/5ramas.jsx, /src/Pages/Columna/Detallado/4-barras.jsx, /src/Pages/Conexiones/Interiores/Esquina.jsx, /src/Pages/Columna/Detallado/22-barras.jsx, /src/Pages/Columna/Detallado/6barras/5-ramas.jsx, /src/Pages/Columna/Detallado/8barras/5-ramas.jsx, /src/Pages/Columna/Detallado/8barras/6ramas/estribo.jsx, /src/Pages/Columna/Detallado/10barras/1estribo.jsx, /src/Pages/Columna/Detallado/12barras/6-ramas.jsx, /src/Pages/Columna/Detallado/12barras/7ramas/2estribo.jsx, /src/Pages/Columna/Detallado/16barras/10-ramas.jsx, /src/Pages/Columna/Reduccion.jsx, /src/Pages/Viga/Empalme.jsx, /src/Pages/Conexiones/Interiores/Interior.jsx, /src/Pages/Conexiones/Interiores/Simple.jsx, /src/Pages/Conexiones/DeTecho/Exterior.jsx, /src/Pages/Conexiones/DeTecho/Perimetral.jsx, /src/Pages/Muros/Remate/SNBorde/RefuerzoU.jsx, /src/Pages/Muros/Remate/SNBorde/RefuerzoDoble.jsx, /src/Pages/Muros/Remate/CBorde/8ramas.jsx, /src/Pages/Muros/Remate/CBorde/7ramas/M06.jsx, /src/Pages/Muros/Esquina/SBorde.jsx, /src/Pages/Muros/Esquina/RefuerzoLateral/4ramas.jsx, /src/Pages/Muros/Esquina/simple.jsx
09:32:56 [vite] hmr update /src/Figuras3D/Figura9.jsx
09:32:59 [vite] hmr update /src/Figuras3D/Figura1.jsx
09:32:59 [vite] hmr update /src/Figuras3D/Figura1.jsx
09:32:59 [vite] hmr update /src/Figuras3D/Figura10.jsx
09:32:59 [vite] hmr update /src/Figuras3D/Figura10.jsx
09:32:59 [vite] hmr update /src/Figuras3D/Figura11.jsx
09:32:59 [vite] hmr update /src/Figuras3D/Figura11.jsx
09:32:59 [vite] hmr update /src/Figuras3D/Figura12.jsx
09:33:00 [vite] hmr update /src/Figuras3D/Figura12.jsx
09:33:00 [vite] hmr update /src/Figuras3D/Figura13.jsx
09:33:00 [vite] hmr update /src/Figuras3D/Figura13.jsx
09:33:00 [vite] hmr update /src/Figuras3D/Figura14.jsx
09:33:00 [vite] hmr update /src/Figuras3D/Figura14.jsx
09:33:00 [vite] hmr update /src/Figuras3D/Figura15.jsx
09:33:00 [vite] hmr update /src/Figuras3D/Figura15.jsx
09:33:00 [vite] hmr update /src/Figuras3D/Figura16.jsx
09:33:00 [vite] hmr update /src/Figuras3D/Figura16.jsx
09:33:00 [vite] hmr update /src/Figuras3D/Figura17.jsx
09:33:00 [vite] hmr update /src/Figuras3D/Figura17.jsx
09:33:00 [vite] hmr update /src/Figuras3D/Figura18.jsx
09:33:00 [vite] hmr update /src/Figuras3D/Figura18.jsx
09:33:00 [vite] hmr update /src/Figuras3D/Figura19.jsx
09:33:00 [vite] hmr update /src/Figuras3D/Figura19.jsx
09:33:00 [vite] hmr update /src/Figuras3D/Figura2.jsx
09:33:00 [vite] hmr update /src/Figuras3D/Figura2.jsx
09:33:00 [vite] hmr update /src/Figuras3D/Figura20.jsx
09:33:00 [vite] hmr update /src/Figuras3D/Figura20.jsx
09:33:00 [vite] hmr update /src/Figuras3D/Figura21.jsx
09:33:00 [vite] hmr update /src/Figuras3D/Figura21.jsx
09:33:00 [vite] hmr update /src/Figuras3D/Figura22.jsx
09:33:00 [vite] hmr update /src/Figuras3D/Figura22.jsx
09:33:00 [vite] hmr update /src/Figuras3D/Figura23.jsx
09:33:00 [vite] hmr update /src/Figuras3D/Figura23.jsx
09:33:00 [vite] hmr update /src/Figuras3D/Figura24.jsx
09:33:00 [vite] hmr update /src/Figuras3D/Figura24.jsx
09:33:00 [vite] hmr update /src/Figuras3D/Figura25.jsx
09:33:00 [vite] hmr update /src/Figuras3D/Figura25.jsx
09:33:00 [vite] hmr update /src/Figuras3D/Figura26.jsx
09:33:00 [vite] hmr update /src/Figuras3D/Figura26.jsx
09:33:00 [vite] hmr update /src/Figuras3D/Figura27.jsx
09:33:00 [vite] hmr update /src/Figuras3D/Figura27.jsx
09:33:00 [vite] hmr update /src/Figuras3D/Figura28.jsx
09:33:00 [vite] hmr update /src/Figuras3D/Figura28.jsx
09:33:00 [vite] hmr update /src/Figuras3D/Figura29.jsx
09:33:00 [vite] hmr update /src/Figuras3D/Figura29.jsx
09:33:00 [vite] hmr update /src/Figuras3D/Figura3.jsx
09:33:00 [vite] hmr update /src/Figuras3D/Figura3.jsx
09:33:00 [vite] hmr update /src/Figuras3D/Figura30.jsx
09:33:00 [vite] hmr update /src/Figuras3D/Figura30.jsx
09:33:00 [vite] hmr update /src/Figuras3D/Figura31.jsx
09:33:00 [vite] hmr update /src/Figuras3D/Figura31.jsx
09:33:01 [vite] hmr update /src/Figuras3D/Figura32.jsx
09:33:01 [vite] hmr update /src/Figuras3D/Figura32.jsx
09:33:01 [vite] hmr update /src/Figuras3D/Figura33.jsx
09:33:01 [vite] hmr update /src/Figuras3D/Figura33.jsx
09:33:01 [vite] hmr update /src/Figuras3D/Figura34.jsx
09:33:01 [vite] hmr update /src/Figuras3D/Figura34.jsx
09:33:01 [vite] hmr update /src/Figuras3D/Figura35.jsx
09:33:01 [vite] hmr update /src/Figuras3D/Figura35.jsx
09:33:01 [vite] hmr update /src/Figuras3D/Figura36.jsx
09:33:01 [vite] hmr update /src/Figuras3D/Figura36.jsx
09:33:01 [vite] hmr update /src/Figuras3D/Figura37.jsx
09:33:01 [vite] hmr update /src/Figuras3D/Figura37.jsx
09:33:01 [vite] hmr update /src/Figuras3D/Figura38.jsx
09:33:01 [vite] hmr update /src/Figuras3D/Figura38.jsx
09:33:01 [vite] hmr update /src/Figuras3D/Figura39.jsx
09:33:01 [vite] hmr update /src/Figuras3D/Figura39.jsx
09:33:01 [vite] hmr update /src/Figuras3D/Figura4.jsx
09:33:01 [vite] hmr update /src/Figuras3D/Figura4.jsx
09:33:01 [vite] hmr update /src/Figuras3D/Figura40.jsx
09:33:01 [vite] hmr update /src/Figuras3D/Figura40.jsx
09:33:01 [vite] hmr update /src/Figuras3D/Figura41.jsx
09:33:01 [vite] hmr update /src/Figuras3D/Figura41.jsx
09:33:01 [vite] hmr update /src/Figuras3D/Figura42.jsx
09:33:01 [vite] hmr update /src/Figuras3D/Figura42.jsx
09:33:01 [vite] hmr update /src/Figuras3D/Figura43.jsx
09:33:01 [vite] hmr update /src/Figuras3D/Figura43.jsx
09:33:01 [vite] hmr update /src/Figuras3D/Figura44.jsx
09:33:01 [vite] hmr update /src/Figuras3D/Figura44.jsx
09:33:01 [vite] hmr update /src/Figuras3D/Figura45.jsx
09:33:01 [vite] hmr update /src/Figuras3D/Figura45.jsx
09:33:02 [vite] hmr update /src/Figuras3D/Figura46.jsx
09:33:02 [vite] hmr update /src/Figuras3D/Figura46.jsx
09:33:02 [vite] hmr update /src/Figuras3D/Figura47.jsx
09:33:02 [vite] hmr update /src/Figuras3D/Figura47.jsx
09:33:02 [vite] hmr update /src/Figuras3D/Figura5.jsx
09:33:02 [vite] hmr update /src/Figuras3D/Figura5.jsx
09:33:02 [vite] hmr update /src/Figuras3D/Figura6.jsx
09:33:02 [vite] hmr update /src/Figuras3D/Figura6.jsx
09:33:02 [vite] hmr update /src/Figuras3D/Figura7.jsx
09:33:02 [vite] hmr update /src/Figuras3D/Figura7.jsx
09:33:02 [vite] hmr update /src/Figuras3D/Figura8.jsx
09:33:02 [vite] hmr update /src/Figuras3D/Figura8.jsx
09:33:02 [vite] hmr update /src/Figuras3D/Figura9.jsx
09:33:02 [vite] hmr update /src/Figuras3D/Figura9.jsx
09:33:02 [vite] hmr update /src/Pages/Columna/Detallado/14-barras.jsx, /src/Pages/Columna/Detallado/20-barras.jsx, /src/Pages/Columna/Detallado/6barras/4-ramas.jsx, /src/Pages/Columna/Detallado/8barras/4-ramas.jsx, /src/Pages/Columna/Detallado/8barras/6ramas/grapas.jsx, /src/Pages/Columna/Detallado/10barras/2estribo.jsx, /src/Pages/Columna/Detallado/12barras/8-ramas.jsx, /src/Pages/Columna/Detallado/12barras/7ramas/1estribo.jsx, /src/Pages/Columna/Detallado/16barras/6-ramas.jsx, /src/Pages/Columna/Empalme.jsx, /src/Pages/Viga/Conexion.jsx, /src/Pages/Conexiones/Interiores/Exterior.jsx, /src/Pages/Conexiones/Interiores/Perimetral.jsx, /src/Pages/Conexiones/DeTecho/Interior.jsx, /src/Pages/Conexiones/DeTecho/Esquina.jsx, /src/Pages/Conexiones/DeTecho/Simple.jsx, /src/Pages/Muros/Remate/SNBorde/RefuerzoSimple.jsx, /src/Pages/Muros/Remate/CBorde/9ramas.jsx, /src/Pages/Muros/Remate/CBorde/7ramas/M07.jsx, /src/Pages/Muros/Esquina/ConPatin.jsx, /src/Pages/Muros/Esquina/CBorde.jsx, /src/Pages/Muros/Esquina/RefuerzoLateral/5ramas.jsx, /src/Pages/Columna/Detallado/4-barras.jsx, /src/Pages/Conexiones/Interiores/Esquina.jsx, /src/Pages/Columna/Detallado/22-barras.jsx, /src/Pages/Columna/Detallado/6barras/5-ramas.jsx, /src/Pages/Columna/Detallado/8barras/5-ramas.jsx, /src/Pages/Columna/Detallado/8barras/6ramas/estribo.jsx, /src/Pages/Columna/Detallado/10barras/1estribo.jsx, /src/Pages/Columna/Detallado/12barras/6-ramas.jsx, /src/Pages/Columna/Detallado/12barras/7ramas/2estribo.jsx, /src/Pages/Columna/Detallado/16barras/10-ramas.jsx, /src/Pages/Columna/Reduccion.jsx, /src/Pages/Viga/Empalme.jsx, /src/Pages/Conexiones/Interiores/Interior.jsx, /src/Pages/Conexiones/Interiores/Simple.jsx, /src/Pages/Conexiones/DeTecho/Exterior.jsx, /src/Pages/Conexiones/DeTecho/Perimetral.jsx, /src/Pages/Muros/Remate/SNBorde/RefuerzoU.jsx, /src/Pages/Muros/Remate/SNBorde/RefuerzoDoble.jsx, /src/Pages/Muros/Remate/CBorde/8ramas.jsx, /src/Pages/Muros/Remate/CBorde/7ramas/M06.jsx, /src/Pages/Muros/Esquina/SBorde.jsx, /src/Pages/Muros/Esquina/RefuerzoLateral/4ramas.jsx, /src/Pages/Muros/Esquina/simple.jsx
09:33:02 [vite] hmr update /src/Pages/Columna/Detallado/14-barras.jsx, /src/Pages/Columna/Detallado/20-barras.jsx, /src/Pages/Columna/Detallado/6barras/4-ramas.jsx, /src/Pages/Columna/Detallado/8barras/4-ramas.jsx, /src/Pages/Columna/Detallado/8barras/6ramas/grapas.jsx, /src/Pages/Columna/Detallado/10barras/2estribo.jsx, /src/Pages/Columna/Detallado/12barras/8-ramas.jsx, /src/Pages/Columna/Detallado/12barras/7ramas/1estribo.jsx, /src/Pages/Columna/Detallado/16barras/6-ramas.jsx, /src/Pages/Columna/Empalme.jsx, /src/Pages/Viga/Conexion.jsx, /src/Pages/Conexiones/Interiores/Exterior.jsx, /src/Pages/Conexiones/Interiores/Perimetral.jsx, /src/Pages/Conexiones/DeTecho/Interior.jsx, /src/Pages/Conexiones/DeTecho/Esquina.jsx, /src/Pages/Conexiones/DeTecho/Simple.jsx, /src/Pages/Muros/Remate/SNBorde/RefuerzoSimple.jsx, /src/Pages/Muros/Remate/CBorde/9ramas.jsx, /src/Pages/Muros/Remate/CBorde/7ramas/M07.jsx, /src/Pages/Muros/Esquina/ConPatin.jsx, /src/Pages/Muros/Esquina/CBorde.jsx, /src/Pages/Muros/Esquina/RefuerzoLateral/5ramas.jsx, /src/Pages/Columna/Detallado/4-barras.jsx, /src/Pages/Conexiones/Interiores/Esquina.jsx, /src/Pages/Columna/Detallado/22-barras.jsx, /src/Pages/Columna/Detallado/6barras/5-ramas.jsx, /src/Pages/Columna/Detallado/8barras/5-ramas.jsx, /src/Pages/Columna/Detallado/8barras/6ramas/estribo.jsx, /src/Pages/Columna/Detallado/10barras/1estribo.jsx, /src/Pages/Columna/Detallado/12barras/6-ramas.jsx, /src/Pages/Columna/Detallado/12barras/7ramas/2estribo.jsx, /src/Pages/Columna/Detallado/16barras/10-ramas.jsx, /src/Pages/Columna/Reduccion.jsx, /src/Pages/Viga/Empalme.jsx, /src/Pages/Conexiones/Interiores/Interior.jsx, /src/Pages/Conexiones/Interiores/Simple.jsx, /src/Pages/Conexiones/DeTecho/Exterior.jsx, /src/Pages/Conexiones/DeTecho/Perimetral.jsx, /src/Pages/Muros/Remate/SNBorde/RefuerzoU.jsx, /src/Pages/Muros/Remate/SNBorde/RefuerzoDoble.jsx, /src/Pages/Muros/Remate/CBorde/8ramas.jsx, /src/Pages/Muros/Remate/CBorde/7ramas/M06.jsx, /src/Pages/Muros/Esquina/SBorde.jsx, /src/Pages/Muros/Esquina/RefuerzoLateral/4ramas.jsx, /src/Pages/Muros/Esquina/simple.jsx
09:33:06 [vite] hmr update /src/App.jsx
09:33:20 [vite] hmr update /src/App.jsx
09:33:21 [vite] hmr update /src/App.jsx
09:38:01 [vite] hmr update /src/App.jsx
09:38:02 [vite] hmr update /src/App.jsx
09:38:44 [vite] hmr update /src/Pages/Muros.jsx
09:38:45 [vite] hmr update /src/Pages/Muros.jsx
12:42:06 [vite] hmr update /src/Pages/MainMenu.jsx
12:42:10 [vite] hmr update /src/Pages/MainMenu.jsx
12:46:00 [vite] hmr update /src/Pages/Login.jsx
12:46:00 [vite] hmr update /src/Pages/Login.jsx
12:46:00 [vite] hmr update /src/Pages/Login.jsx
12:54:59 [vite] hmr update /src/Pages/Login.jsx
12:55:00 [vite] hmr update /src/Pages/Login.jsx
12:55:00 [vite] hmr update /src/Pages/Login.jsx
13:05:52 [vite] hmr update /src/Pages/Login.jsx
13:05:53 [vite] hmr update /src/Pages/Login.jsx
13:05:53 [vite] hmr update /src/Pages/Login.jsx
13:06:07 [vite] hmr update /src/Pages/Login.jsx
13:06:07 [vite] hmr update /src/Pages/Login.jsx
13:06:07 [vite] hmr update /src/Pages/Login.jsx
13:06:07 [vite] hmr update /src/Pages/Login.jsx
13:18:04 [vite] hmr update /src/Pages/Login.jsx
13:18:04 [vite] hmr update /src/Pages/Login.jsx
13:18:04 [vite] hmr update /src/Pages/Login.jsx
13:18:51 [vite] hmr update /src/Pages/Login.jsx
13:18:51 [vite] hmr update /src/Pages/Login.jsx
13:19:28 [vite] hmr update /src/Pages/Login.jsx
13:19:28 [vite] hmr update /src/Pages/Login.jsx
13:19:28 [vite] hmr update /src/Pages/Login.jsx
13:19:29 [vite] hmr update /src/Pages/Login.jsx
13:19:56 [vite] hmr update /src/Pages/Login.jsx
13:19:56 [vite] hmr update /src/Pages/Login.jsx
13:19:56 [vite] hmr update /src/Pages/Login.jsx
13:19:56 [vite] hmr update /src/Pages/Login.jsx
13:20:20 [vite] hmr update /src/Pages/Login.jsx
13:20:20 [vite] hmr update /src/Pages/Login.jsx
13:20:20 [vite] hmr update /src/Pages/Login.jsx
13:20:20 [vite] hmr update /src/Pages/Login.jsx
13:20:21 [vite] hmr update /src/Pages/Login.jsx
13:20:21 [vite] hmr update /src/Pages/Login.jsx
13:20:21 [vite] hmr update /src/Pages/Login.jsx
13:20:22 [vite] hmr update /src/Pages/Login.jsx
13:20:42 [vite] hmr update /src/Pages/Login.jsx
13:20:42 [vite] hmr update /src/Pages/Login.jsx
13:20:42 [vite] hmr update /src/Pages/Login.jsx
13:20:55 [vite] hmr update /src/Pages/Login.jsx
13:20:55 [vite] hmr update /src/Pages/Login.jsx
13:20:56 [vite] hmr update /src/Pages/Login.jsx
13:21:47 [vite] hmr update /src/Pages/Login.jsx
13:21:47 [vite] hmr update /src/Pages/Login.jsx
13:21:48 [vite] hmr update /src/Pages/Login.jsx
13:22:05 [vite] hmr update /src/Pages/Login.jsx
13:22:05 [vite] hmr update /src/Pages/Login.jsx
13:22:05 [vite] hmr update /src/Pages/Login.jsx
13:22:30 [vite] hmr update /src/Pages/Login.jsx
13:22:30 [vite] hmr update /src/Pages/Login.jsx
13:22:30 [vite] hmr update /src/Pages/Login.jsx
13:23:02 [vite] hmr update /src/Pages/Login.jsx
13:23:02 [vite] hmr update /src/Pages/Login.jsx
13:23:03 [vite] hmr update /src/Pages/Login.jsx
13:23:13 [vite] hmr update /src/Pages/Login.jsx
13:23:13 [vite] hmr update /src/Pages/Login.jsx
13:23:13 [vite] hmr update /src/Pages/Login.jsx
13:23:29 [vite] hmr update /src/Pages/Login.jsx
13:23:30 [vite] hmr update /src/Pages/Login.jsx
13:23:30 [vite] hmr update /src/Pages/Login.jsx
13:24:12 [vite] hmr update /src/Pages/Login.jsx
13:24:12 [vite] hmr update /src/Pages/Login.jsx
13:25:25 [vite] hmr update /src/Pages/Login.jsx
13:25:26 [vite] hmr update /src/Pages/Login.jsx
13:25:26 [vite] hmr update /src/Pages/Login.jsx
13:26:37 [vite] hmr update /src/Pages/Login.jsx
13:26:37 [vite] hmr update /src/Pages/Login.jsx
13:26:37 [vite] hmr update /src/Pages/Login.jsx
13:26:38 [vite] hmr update /src/Pages/Login.jsx
13:33:48 [vite] hmr update /src/Pages/Login.jsx
13:33:48 [vite] hmr update /src/Pages/Login.jsx
13:33:49 [vite] hmr update /src/Pages/Login.jsx
10:23:06 [vite] hmr update /src/App.jsx
10:23:06 [vite] hmr update /src/App.jsx
10:23:06 [vite] hmr update /src/App.jsx
10:23:07 [vite] hmr update /src/App.jsx
10:23:07 [vite] hmr update /src/App.jsx
10:23:07 [vite] hmr update /src/App.jsx
10:23:57 [vite] hmr update /src/Pages/Login.jsx
10:23:57 [vite] hmr update /src/Pages/Login.jsx
10:23:57 [vite] hmr update /src/Pages/Login.jsx
10:45:37 [vite] hmr update /src/Pages/Login.jsx
10:45:37 [vite] hmr update /src/Pages/Login.jsx
10:45:37 [vite] hmr update /src/Pages/Login.jsx
10:45:53 [vite] hmr update /src/Pages/Login.jsx
10:45:53 [vite] hmr update /src/Pages/Login.jsx
10:45:58 [vite] hmr update /src/Pages/Muros.jsx
10:45:58 [vite] hmr update /src/Pages/Muros.jsx
10:46:03 [vite] hmr update /src/Pages/Columnas.jsx
10:46:03 [vite] hmr update /src/Pages/Columnas.jsx
10:46:14 [vite] hmr update /src/Pages/MainMenu.jsx
10:46:15 [vite] hmr update /src/Pages/MainMenu.jsx
10:46:19 [vite] hmr update /src/Pages/Viga.jsx
10:46:19 [vite] hmr update /src/Pages/Viga.jsx
10:46:56 [vite] page reload dist/index.html
10:51:24 [vite] hmr update /src/components/Header.jsx
10:51:24 [vite] hmr update /src/components/Header.jsx
10:51:25 [vite] hmr update /src/components/Header.jsx
10:51:25 [vite] hmr update /src/components/Header.jsx
10:51:25 [vite] hmr update /src/components/Header.jsx
10:51:25 [vite] hmr update /src/components/Header.jsx
10:51:48 [vite] hmr update /src/Pages/Muros/Esquina.jsx
10:51:49 [vite] hmr update /src/Pages/Muros/Esquina.jsx
10:51:52 [vite] hmr update /src/Pages/Muros/Remate.jsx
10:51:53 [vite] hmr update /src/Pages/Muros/Remate.jsx
10:51:53 [vite] hmr update /src/Pages/Muros/Remate.jsx
10:52:02 [vite] hmr update /src/Pages/Muros/Remate/ConBorde.jsx
10:52:02 [vite] hmr update /src/Pages/Muros/Remate/ConBorde.jsx
10:52:05 [vite] hmr update /src/Pages/Muros/Remate/SinBorde.jsx
10:52:12 [vite] hmr update /src/Pages/Muros/Remate/CBorde/7ramas.jsx
10:52:12 [vite] hmr update /src/Pages/Muros/Remate/CBorde/7ramas.jsx
10:52:18 [vite] hmr update /src/Pages/Muros/Esquina/RefuerzoLateral.jsx
10:52:27 [vite] hmr update /src/Pages/Conexiones/DeTecho.jsx
10:52:31 [vite] hmr update /src/Pages/Conexiones/Interior.jsx
10:52:31 [vite] hmr update /src/Pages/Conexiones/Interior.jsx
10:52:31 [vite] hmr update /src/Pages/Conexiones/Interior.jsx
10:52:36 [vite] hmr update /src/Pages/Columna/Detallado.jsx
10:52:36 [vite] hmr update /src/Pages/Columna/Detallado.jsx
10:52:43 [vite] hmr update /src/Pages/Columna/Reduccion.jsx
10:52:43 [vite] hmr update /src/Pages/Columna/Reduccion.jsx
10:52:43 [vite] hmr update /src/Pages/Columna/Reduccion.jsx
10:53:09 [vite] page reload dist/index.html
10:57:02 [vite] hmr update /src/components/Header.jsx
10:57:02 [vite] hmr update /src/components/Header.jsx
10:59:25 [vite] hmr update /src/Pages/Columna/Detallado/8-barras.jsx
10:59:25 [vite] hmr update /src/Pages/Columna/Detallado/8-barras.jsx
10:59:29 [vite] hmr update /src/Pages/Columna/Detallado/10-barras.jsx
10:59:29 [vite] hmr update /src/Pages/Columna/Detallado/10-barras.jsx
10:59:32 [vite] hmr update /src/Pages/Columna/Detallado/12-barras.jsx
10:59:33 [vite] hmr update /src/Pages/Columna/Detallado/12-barras.jsx
10:59:38 [vite] hmr update /src/Pages/Columna/Detallado/16-barras.jsx
10:59:39 [vite] hmr update /src/Pages/Columna/Detallado/16-barras.jsx
11:00:14 [vite] hmr update /src/Pages/Conexiones/DeTecho.jsx
11:00:15 [vite] hmr update /src/Pages/Conexiones/DeTecho.jsx
11:00:15 [vite] hmr update /src/Pages/Conexiones/DeTecho.jsx
11:00:47 [vite] page reload dist/index.html
11:02:19 [vite] hmr update /src/Pages/Conexiones/DeTecho.jsx
11:02:19 [vite] hmr update /src/Pages/Conexiones/DeTecho.jsx
11:02:20 [vite] hmr update /src/Pages/Conexiones/DeTecho.jsx
11:02:21 [vite] hmr update /src/Pages/Conexiones/DeTecho.jsx
11:02:21 [vite] hmr update /src/Pages/Conexiones/DeTecho.jsx
11:02:23 [vite] hmr update /src/Pages/Conexiones/Interior.jsx
11:02:23 [vite] hmr update /src/Pages/Conexiones/Interior.jsx
11:02:23 [vite] hmr update /src/Pages/Conexiones/Interior.jsx
11:02:23 [vite] hmr update /src/Pages/Conexiones/Interior.jsx
11:02:24 [vite] hmr update /src/Pages/Conexiones/Interior.jsx
11:02:24 [vite] hmr update /src/Pages/Conexiones/Interior.jsx
11:02:24 [vite] hmr update /src/Pages/Conexiones/Interior.jsx
11:02:31 [vite] hmr update /src/Pages/Columna/Detallado/6-barras.jsx
11:02:32 [vite] hmr update /src/Pages/Columna/Detallado/6-barras.jsx
11:02:32 [vite] hmr update /src/Pages/Columna/Detallado/6-barras.jsx
11:02:53 [vite] hmr update /src/Pages/Columna/Detallado/8barras/6ramas.jsx
11:02:54 [vite] hmr update /src/Pages/Columna/Detallado/8barras/6ramas.jsx
11:02:54 [vite] hmr update /src/Pages/Columna/Detallado/8barras/6ramas.jsx
11:02:55 [vite] hmr update /src/Pages/Columna/Detallado/8barras/6ramas.jsx
11:03:01 [vite] hmr update /src/Pages/Columna/Detallado/12barras/7-ramas.jsx
11:03:01 [vite] hmr update /src/Pages/Columna/Detallado/12barras/7-ramas.jsx
11:03:02 [vite] hmr update /src/Pages/Columna/Detallado/12barras/7-ramas.jsx
11:03:02 [vite] hmr update /src/Pages/Columna/Detallado/12barras/7-ramas.jsx
11:03:02 [vite] hmr update /src/Pages/Columna/Detallado/12barras/7-ramas.jsx
11:03:07 [vite] hmr update /src/Pages/Columna/Detallado/6-barras.jsx
11:03:09 [vite] hmr update /src/Pages/Conexiones/Interior.jsx
11:03:09 [vite] hmr update /src/Pages/Conexiones/Interior.jsx
11:03:10 [vite] hmr update /src/Pages/Conexiones/DeTecho.jsx
11:03:11 [vite] hmr update /src/Pages/Conexiones/DeTecho.jsx
11:03:11 [vite] hmr update /src/Pages/Conexiones/DeTecho.jsx
11:03:25 [vite] hmr update /src/Pages/Muros/Remate/CBorde/7ramas.jsx
11:03:26 [vite] hmr update /src/Pages/Muros/Remate/CBorde/7ramas.jsx
11:03:53 [vite] hmr update /src/Pages/Muros/Remate/CBorde/7ramas.jsx
11:03:54 [vite] hmr update /src/Pages/Muros/Remate/CBorde/7ramas.jsx
11:07:07 [vite] hmr update /src/App.jsx
11:07:08 [vite] hmr update /src/App.jsx
11:07:14 [vite] hmr update /src/App.jsx
11:23:34 [vite] hmr update /src/Pages/Conexiones.jsx
11:23:34 [vite] hmr update /src/Pages/Conexiones.jsx
11:23:57 [vite] vite.config.js changed, restarting server...
11:23:57 [vite] server restarted.

  ➜  Local:   http://127.0.0.1:5173/
11:23:58 [vite] vite.config.js changed, restarting server...
11:23:58 [vite] server restarted.
12:12:50 [vite] page reload index.html
12:13:27 [vite] page reload dist/index.html
12:28:15 [vite] page reload dist/index.html
